<?xml version="1.0" encoding="UTF-8"?>
<testng-results ignored="0" total="1" passed="1" failed="0" skipped="0">
  <reporter-output>
    <line>
      <![CDATA[Successfully Launched Chrome Browser]]>
    </line>
    <line>
      <![CDATA[Browser window is maximized successfully]]>
    </line>
  </reporter-output>
  <suite started-at="2022-03-03T10:04:13 IST" name="Default suite" finished-at="2022-03-03T10:05:19 IST" duration-ms="65869">
    <groups>
    </groups>
    <test started-at="2022-03-03T10:04:13 IST" name="Default test" finished-at="2022-03-03T10:05:19 IST" duration-ms="65869">
      <class name="users.TC_Users_146Test">
        <test-method is-config="true" signature="openTheBrowser(java.lang.String)[pri:0, instance:users.TC_Users_146Test@306f16f3]" started-at="2022-03-03T10:04:13 IST" name="openTheBrowser" finished-at="2022-03-03T10:04:39 IST" duration-ms="25615" status="PASS">
          <params>
            <param index="0">
              <value>
                <![CDATA[chrome]]>
              </value>
            </param>
          </params>
          <reporter-output>
            <line>
              <![CDATA[Successfully Launched Chrome Browser]]>
            </line>
            <line>
              <![CDATA[Browser window is maximized successfully]]>
            </line>
          </reporter-output>
        </test-method> <!-- openTheBrowser -->
        <test-method is-config="true" signature="loginToApplication()[pri:0, instance:users.TC_Users_146Test@306f16f3]" started-at="2022-03-03T10:04:39 IST" name="loginToApplication" finished-at="2022-03-03T10:04:53 IST" duration-ms="13887" status="PASS">
          <reporter-output>
          </reporter-output>
        </test-method> <!-- loginToApplication -->
        <test-method signature="CreateNewUser()[pri:0, instance:users.TC_Users_146Test@306f16f3]" started-at="2022-03-03T10:04:53 IST" name="CreateNewUser" finished-at="2022-03-03T10:05:19 IST" duration-ms="26244" status="PASS">
          <reporter-output>
          </reporter-output>
        </test-method> <!-- CreateNewUser -->
      </class> <!-- users.TC_Users_146Test -->
    </test> <!-- Default test -->
  </suite> <!-- Default suite -->
</testng-results>
